TN:
SF:generate-postman-collection.js
FN:9,(anonymous_0)
FN:13,(anonymous_1)
FN:21,getTimestampedCollectionPath
FN:45,generatePostmanCollectionsByTransactionType
FN:56,(anonymous_4)
FNF:5
FNH:5
FNDA:2,(anonymous_0)
FNDA:3,(anonymous_1)
FNDA:6,getTimestampedCollectionPath
FNDA:2,generatePostmanCollectionsByTransactionType
FNDA:12,(anonymous_4)
DA:1,1
DA:2,1
DA:3,1
DA:4,1
DA:5,1
DA:8,1
DA:9,2
DA:10,1
DA:13,3
DA:14,1
DA:17,1
DA:18,1
DA:22,6
DA:23,6
DA:24,6
DA:25,6
DA:26,6
DA:27,6
DA:28,6
DA:29,6
DA:30,6
DA:31,6
DA:37,1
DA:46,2
DA:47,2
DA:48,2
DA:50,2
DA:51,6
DA:52,6
DA:53,6
DA:54,6
DA:56,12
DA:57,6
DA:58,6
DA:60,6
DA:61,6
DA:63,6
DA:64,0
DA:65,6
DA:66,0
DA:69,6
DA:70,6
DA:73,6
DA:77,6
DA:81,6
DA:84,6
DA:85,6
DA:86,6
DA:87,6
DA:88,6
DA:90,6
DA:93,6
DA:94,6
DA:95,6
DA:96,0
DA:97,6
DA:98,4
DA:100,2
DA:101,2
DA:104,6
DA:105,6
DA:106,6
DA:109,6
DA:110,6
DA:126,6
DA:129,2
DA:131,6
DA:133,6
DA:134,6
DA:150,6
DA:164,6
DA:165,6
DA:170,1
DA:171,0
DA:175,1
LF:75
LH:71
BRDA:10,0,0,1
BRDA:10,0,1,0
BRDA:14,1,0,1
BRDA:14,1,1,0
BRDA:17,2,0,1
BRDA:17,2,1,0
BRDA:61,3,0,6
BRDA:61,3,1,0
BRDA:63,4,0,0
BRDA:63,4,1,6
BRDA:65,5,0,0
BRDA:65,5,1,6
BRDA:69,6,0,6
BRDA:69,6,1,0
BRDA:70,7,0,6
BRDA:70,7,1,0
BRDA:73,8,0,6
BRDA:73,8,1,0
BRDA:73,9,0,6
BRDA:73,9,1,6
BRDA:75,10,0,0
BRDA:75,10,1,0
BRDA:77,11,0,6
BRDA:77,11,1,0
BRDA:77,12,0,6
BRDA:77,12,1,6
BRDA:81,13,0,6
BRDA:81,13,1,0
BRDA:81,14,0,6
BRDA:81,14,1,6
BRDA:83,15,0,0
BRDA:83,15,1,0
BRDA:85,16,0,6
BRDA:85,16,1,0
BRDA:85,16,2,0
BRDA:87,17,0,2
BRDA:87,17,1,4
BRDA:88,18,0,6
BRDA:88,18,1,0
BRDA:90,19,0,6
BRDA:90,19,1,0
BRDA:90,19,2,0
BRDA:95,20,0,0
BRDA:95,20,1,6
BRDA:95,21,0,6
BRDA:95,21,1,2
BRDA:95,21,2,0
BRDA:95,21,3,6
BRDA:97,22,0,4
BRDA:97,22,1,2
BRDA:97,23,0,6
BRDA:97,23,1,2
BRDA:100,24,0,2
BRDA:100,24,1,0
BRDA:105,25,0,6
BRDA:105,25,1,0
BRDA:134,26,0,0
BRDA:134,26,1,6
BRDA:170,27,0,0
BRDA:170,27,1,1
BRF:60
BRH:34
end_of_record
TN:
SF:oneco-script.js
FN:35,processSheetData
FN:37,(anonymous_1)
FN:39,(anonymous_2)
FN:51,(anonymous_3)
FN:73,(anonymous_4)
FN:74,(anonymous_5)
FN:108,processExcelFile
FN:110,(anonymous_7)
FN:113,(anonymous_8)
FNF:9
FNH:9
FNDA:2,processSheetData
FNDA:2,(anonymous_1)
FNDA:22,(anonymous_2)
FNDA:2,(anonymous_3)
FNDA:6,(anonymous_4)
FNDA:6,(anonymous_5)
FNDA:1,processExcelFile
FNDA:1,(anonymous_7)
FNDA:1,(anonymous_8)
DA:1,1
DA:2,1
DA:3,1
DA:6,1
DA:7,1
DA:10,1
DA:11,1
DA:14,1
DA:23,1
DA:37,2
DA:38,2
DA:39,2
DA:40,22
DA:45,22
DA:47,2
DA:50,2
DA:51,2
DA:52,2
DA:55,2
DA:56,10
DA:57,10
DA:58,10
DA:59,2
DA:60,8
DA:61,2
DA:63,6
DA:68,2
DA:70,2
DA:71,2
DA:73,6
DA:74,6
DA:75,2
DA:78,2
DA:79,2
DA:80,0
DA:81,2
DA:82,0
DA:85,2
DA:87,2
DA:88,2
DA:90,2
DA:92,2
DA:94,2
DA:102,2
DA:103,2
DA:105,2
DA:109,1
DA:110,1
DA:111,1
DA:112,1
DA:113,1
DA:114,1
DA:115,1
DA:120,1
DA:121,0
DA:124,1
LF:56
LH:53
BRDA:10,0,0,1
BRDA:10,0,1,1
BRDA:11,1,0,0
BRDA:11,1,1,1
BRDA:35,2,0,0
BRDA:57,3,0,10
BRDA:57,3,1,0
BRDA:57,4,0,10
BRDA:57,4,1,10
BRDA:58,5,0,2
BRDA:58,5,1,8
BRDA:60,6,0,2
BRDA:60,6,1,6
BRDA:68,7,0,2
BRDA:68,7,1,0
BRDA:70,8,0,2
BRDA:70,8,1,0
BRDA:73,9,0,6
BRDA:73,9,1,0
BRDA:78,10,0,2
BRDA:78,10,1,0
BRDA:79,11,0,0
BRDA:79,11,1,2
BRDA:81,12,0,0
BRDA:81,12,1,2
BRDA:87,13,0,2
BRDA:87,13,1,0
BRDA:88,14,0,2
BRDA:88,14,1,0
BRDA:90,15,0,2
BRDA:90,15,1,0
BRDA:92,16,0,2
BRDA:92,16,1,0
BRDA:108,17,0,0
BRDA:108,18,0,0
BRDA:120,19,0,0
BRDA:120,19,1,1
BRF:37
BRH:21
end_of_record
TN:
SF:zgate-script.js
FN:58,processSheetData
FN:60,(anonymous_1)
FN:62,(anonymous_2)
FN:74,(anonymous_3)
FN:102,(anonymous_4)
FN:103,(anonymous_5)
FN:147,processExcelFile
FN:149,(anonymous_7)
FN:152,(anonymous_8)
FNF:9
FNH:6
FNDA:1,processSheetData
FNDA:2,(anonymous_1)
FNDA:14,(anonymous_2)
FNDA:2,(anonymous_3)
FNDA:2,(anonymous_4)
FNDA:2,(anonymous_5)
FNDA:0,processExcelFile
FNDA:0,(anonymous_7)
FNDA:0,(anonymous_8)
DA:1,1
DA:2,1
DA:3,1
DA:6,1
DA:7,1
DA:10,1
DA:11,1
DA:14,1
DA:31,1
DA:42,1
DA:49,1
DA:60,1
DA:61,2
DA:62,2
DA:63,14
DA:68,14
DA:70,2
DA:73,1
DA:74,1
DA:75,2
DA:77,2
DA:78,26
DA:79,12
DA:80,2
DA:81,2
DA:82,1
DA:83,1
DA:84,0
DA:86,2
DA:88,10
DA:93,2
DA:94,2
DA:96,2
DA:97,1
DA:100,2
DA:101,2
DA:102,2
DA:103,2
DA:104,2
DA:105,2
DA:106,2
DA:107,2
DA:108,2
DA:109,2
DA:110,0
DA:116,2
DA:117,0
DA:120,2
DA:121,2
DA:122,1
DA:123,1
DA:124,0
DA:126,2
DA:127,2
DA:129,2
DA:131,2
DA:133,2
DA:141,2
DA:142,2
DA:144,1
DA:148,0
DA:149,0
DA:150,0
DA:151,0
DA:152,0
DA:153,0
DA:154,0
DA:159,1
DA:160,0
DA:163,1
LF:70
LH:58
BRDA:10,0,0,1
BRDA:10,0,1,1
BRDA:11,1,0,0
BRDA:11,1,1,1
BRDA:58,2,0,0
BRDA:78,3,0,12
BRDA:78,3,1,14
BRDA:78,4,0,26
BRDA:78,4,1,12
BRDA:79,5,0,2
BRDA:79,5,1,10
BRDA:81,6,0,1
BRDA:81,6,1,1
BRDA:83,7,0,0
BRDA:83,7,1,1
BRDA:93,8,0,2
BRDA:93,8,1,0
BRDA:94,9,0,2
BRDA:94,9,1,0
BRDA:96,10,0,1
BRDA:96,10,1,1
BRDA:96,11,0,2
BRDA:96,11,1,0
BRDA:100,12,0,2
BRDA:100,12,1,2
BRDA:101,13,0,2
BRDA:101,13,1,2
BRDA:108,14,0,2
BRDA:108,14,1,2
BRDA:109,15,0,0
BRDA:109,15,1,2
BRDA:109,16,0,2
BRDA:109,16,1,0
BRDA:116,17,0,0
BRDA:116,17,1,2
BRDA:120,18,0,2
BRDA:120,18,1,0
BRDA:121,19,0,1
BRDA:121,19,1,1
BRDA:123,20,0,0
BRDA:123,20,1,1
BRDA:126,21,0,2
BRDA:126,21,1,0
BRDA:127,22,0,2
BRDA:127,22,1,0
BRDA:129,23,0,2
BRDA:129,23,1,0
BRDA:131,24,0,2
BRDA:131,24,1,0
BRDA:147,25,0,0
BRDA:147,26,0,0
BRDA:159,27,0,0
BRDA:159,27,1,1
BRF:53
BRH:35
end_of_record
