TN:
SF:generate-postman-collection.js
FN:9,(anonymous_0)
FN:13,(anonymous_1)
FN:21,getTimestampedCollectionPath
FN:45,generatePostmanCollectionsByTransactionType
FN:56,(anonymous_4)
FNF:5
FNH:1
FNDA:2,(anonymous_0)
FNDA:0,(anonymous_1)
FNDA:0,getTimestampedCollectionPath
FNDA:0,generatePostmanCollectionsByTransactionType
FNDA:0,(anonymous_4)
DA:1,2
DA:2,2
DA:3,2
DA:4,2
DA:5,2
DA:8,2
DA:9,2
DA:10,2
DA:13,0
DA:14,0
DA:17,0
DA:18,0
DA:22,0
DA:23,0
DA:24,0
DA:25,0
DA:26,0
DA:27,0
DA:28,0
DA:29,0
DA:30,0
DA:31,0
DA:37,0
DA:46,0
DA:47,0
DA:48,0
DA:50,0
DA:51,0
DA:52,0
DA:53,0
DA:54,0
DA:56,0
DA:57,0
DA:58,0
DA:60,0
DA:61,0
DA:63,0
DA:64,0
DA:65,0
DA:66,0
DA:69,0
DA:70,0
DA:73,0
DA:77,0
DA:81,0
DA:84,0
DA:85,0
DA:86,0
DA:87,0
DA:88,0
DA:90,0
DA:93,0
DA:94,0
DA:95,0
DA:96,0
DA:97,0
DA:98,0
DA:100,0
DA:101,0
DA:104,0
DA:105,0
DA:106,0
DA:109,0
DA:110,0
DA:126,0
DA:129,0
DA:131,0
DA:133,0
DA:134,0
DA:150,0
DA:164,0
DA:165,0
DA:170,0
DA:171,0
DA:175,0
LF:75
LH:8
BRDA:17,0,0,0
BRDA:17,0,1,0
BRDA:61,1,0,0
BRDA:61,1,1,0
BRDA:63,2,0,0
BRDA:63,2,1,0
BRDA:65,3,0,0
BRDA:65,3,1,0
BRDA:69,4,0,0
BRDA:69,4,1,0
BRDA:70,5,0,0
BRDA:70,5,1,0
BRDA:73,6,0,0
BRDA:73,6,1,0
BRDA:73,7,0,0
BRDA:73,7,1,0
BRDA:75,8,0,0
BRDA:75,8,1,0
BRDA:77,9,0,0
BRDA:77,9,1,0
BRDA:77,10,0,0
BRDA:77,10,1,0
BRDA:81,11,0,0
BRDA:81,11,1,0
BRDA:81,12,0,0
BRDA:81,12,1,0
BRDA:83,13,0,0
BRDA:83,13,1,0
BRDA:85,14,0,0
BRDA:85,14,1,0
BRDA:85,14,2,0
BRDA:87,15,0,0
BRDA:87,15,1,0
BRDA:88,16,0,0
BRDA:88,16,1,0
BRDA:90,17,0,0
BRDA:90,17,1,0
BRDA:90,17,2,0
BRDA:95,18,0,0
BRDA:95,18,1,0
BRDA:95,19,0,0
BRDA:95,19,1,0
BRDA:95,19,2,0
BRDA:95,19,3,0
BRDA:97,20,0,0
BRDA:97,20,1,0
BRDA:97,21,0,0
BRDA:97,21,1,0
BRDA:100,22,0,0
BRDA:100,22,1,0
BRDA:105,23,0,0
BRDA:105,23,1,0
BRDA:134,24,0,0
BRDA:134,24,1,0
BRDA:170,25,0,0
BRDA:170,25,1,0
BRF:56
BRH:0
end_of_record
TN:
SF:zgate-script.js
FN:58,processSheetData
FN:60,(anonymous_1)
FN:62,(anonymous_2)
FN:74,(anonymous_3)
FN:102,(anonymous_4)
FN:103,(anonymous_5)
FN:147,processExcelFile
FN:149,(anonymous_7)
FN:152,(anonymous_8)
FNF:9
FNH:6
FNDA:1,processSheetData
FNDA:2,(anonymous_1)
FNDA:14,(anonymous_2)
FNDA:2,(anonymous_3)
FNDA:2,(anonymous_4)
FNDA:2,(anonymous_5)
FNDA:0,processExcelFile
FNDA:0,(anonymous_7)
FNDA:0,(anonymous_8)
DA:1,1
DA:2,1
DA:3,1
DA:6,1
DA:7,1
DA:10,1
DA:11,1
DA:14,1
DA:31,1
DA:42,1
DA:49,1
DA:60,1
DA:61,2
DA:62,2
DA:63,14
DA:68,14
DA:70,2
DA:73,1
DA:74,1
DA:75,2
DA:77,2
DA:78,26
DA:79,12
DA:80,2
DA:81,2
DA:82,1
DA:83,1
DA:84,0
DA:86,2
DA:88,10
DA:93,2
DA:94,2
DA:96,2
DA:97,1
DA:100,2
DA:101,2
DA:102,2
DA:103,2
DA:104,2
DA:105,2
DA:106,2
DA:107,2
DA:108,2
DA:109,2
DA:110,0
DA:116,2
DA:117,0
DA:120,2
DA:121,2
DA:122,1
DA:123,1
DA:124,0
DA:126,2
DA:127,2
DA:129,2
DA:131,2
DA:133,2
DA:141,2
DA:142,2
DA:144,1
DA:148,0
DA:149,0
DA:150,0
DA:151,0
DA:152,0
DA:153,0
DA:154,0
DA:159,1
DA:160,0
DA:163,1
LF:70
LH:58
BRDA:10,0,0,1
BRDA:10,0,1,1
BRDA:11,1,0,0
BRDA:11,1,1,1
BRDA:58,2,0,0
BRDA:78,3,0,12
BRDA:78,3,1,14
BRDA:78,4,0,26
BRDA:78,4,1,12
BRDA:79,5,0,2
BRDA:79,5,1,10
BRDA:81,6,0,1
BRDA:81,6,1,1
BRDA:83,7,0,0
BRDA:83,7,1,1
BRDA:93,8,0,2
BRDA:93,8,1,0
BRDA:94,9,0,2
BRDA:94,9,1,0
BRDA:96,10,0,1
BRDA:96,10,1,1
BRDA:96,11,0,2
BRDA:96,11,1,0
BRDA:100,12,0,2
BRDA:100,12,1,2
BRDA:101,13,0,2
BRDA:101,13,1,2
BRDA:108,14,0,2
BRDA:108,14,1,2
BRDA:109,15,0,0
BRDA:109,15,1,2
BRDA:109,16,0,2
BRDA:109,16,1,0
BRDA:116,17,0,0
BRDA:116,17,1,2
BRDA:120,18,0,2
BRDA:120,18,1,0
BRDA:121,19,0,1
BRDA:121,19,1,1
BRDA:123,20,0,0
BRDA:123,20,1,1
BRDA:126,21,0,2
BRDA:126,21,1,0
BRDA:127,22,0,2
BRDA:127,22,1,0
BRDA:129,23,0,2
BRDA:129,23,1,0
BRDA:131,24,0,2
BRDA:131,24,1,0
BRDA:147,25,0,0
BRDA:147,26,0,0
BRDA:159,27,0,0
BRDA:159,27,1,1
BRF:53
BRH:35
end_of_record
